2022-08-22 19:07:30, Info                  DISM   PID=19540 TID=19544 Scratch directory set to 'C:\windows\TEMP\'. - CDISMManager::put_ScratchDir
2022-08-22 19:07:30, Info                  DISM   PID=19540 TID=19544 DismCore.dll version: 10.0.19041.746 - CDISMManager::FinalConstruct
2022-08-22 19:07:30, Info                  DISM   Initialized Panther logging at \dism.log
2022-08-22 19:07:30, Info                  DISM   PID=19540 TID=19544 Successfully loaded the ImageSession at "C:\windows\System32\Dism" - CDISMManager::LoadLocalImageSession
2022-08-22 19:07:30, Info                  DISM   Initialized Panther logging at \dism.log
2022-08-22 19:07:30, Info                  DISM   DISM Provider Store: PID=19540 TID=19544 Found and Initialized the DISM Logger. - CDISMProviderStore::Internal_InitializeLogger
2022-08-22 19:07:30, Info                  DISM   DISM Provider Store: PID=19540 TID=19544 Failed to get and initialize the PE Provider.  Continuing by assuming that it is not a WinPE image. - CDISMProviderStore::Final_OnConnect
2022-08-22 19:07:30, Info                  DISM   DISM Provider Store: PID=19540 TID=19544 Finished initializing the Provider Map. - CDISMProviderStore::Final_OnConnect
2022-08-22 19:07:30, Info                  DISM   Initialized Panther logging at \dism.log
2022-08-22 19:07:30, Info                  DISM   DISM Manager: PID=19540 TID=19544 Successfully created the local image session and provider store. - CDISMManager::CreateLocalImageSession
2022-08-22 19:07:30, Info                  DISM   DISM.EXE: 
2022-08-22 19:07:30, Info                  DISM   DISM.EXE: <----- Starting Dism.exe session ----->
2022-08-22 19:07:30, Info                  DISM   DISM.EXE: 
2022-08-22 19:07:30, Info                  DISM   DISM.EXE: Host machine information: OS Version=10.0.19042, Running architecture=x86, Number of processors=8
2022-08-22 19:07:30, Info                  DISM   DISM.EXE: Dism.exe version: 10.0.19041.746
2022-08-22 19:07:30, Info                  DISM   DISM.EXE: Executing command line: DISM.exe  /Online /Add-ProvisionedAppxPackage /PackagePath:c:\SWSetup\SP140491\UWP\2bd6c0bb1bfe40a7855970f4d46b9116.appxbundle /DependencyPackagePath:c:\SWSetup\SP140491\UWP\Microsoft.VCLibs.140.00_14.0.30704.0_x64__8wekyb3d8bbwe.appx /DependencyPackagePath:c:\SWSetup\SP140491\UWP\Microsoft.VCLibs.140.00_14.0.30704.0_x86__8wekyb3d8bbwe.appx /LogPath:\dism.log /LicensePath:c:\SWSetup\SP140491\UWP\2bd6c0bb1bfe40a7855970f4d46b9116_License1.xml /Region="All"
2022-08-22 19:07:30, Info                  DISM   DISM Provider Store: PID=19540 TID=19544 Connecting to the provider located at C:\windows\System32\Dism\FolderProvider.dll. - CDISMProviderStore::Internal_LoadProvider
2022-08-22 19:07:30, Info                  DISM   DISM.EXE: *******************************************************************************************************
2022-08-22 19:07:30, Info                  DISM   DISM.EXE: **** Dism.exe process is running as WOW64; paths in the log might be virtualized, hence unreliable ****
2022-08-22 19:07:30, Info                  DISM   DISM.EXE: *******************************************************************************************************
2022-08-22 19:07:30, Info                  DISM   DISM Manager: PID=19540 TID=19544 physical location path: C:\ - CDISMManager::CreateImageSession
2022-08-22 19:07:30, Info                  DISM   DISM Manager: PID=19540 TID=19544 Event name for current DISM session is Global\{B1DBB963-AC50-4038-B64E-37764A6009DB} - CDISMManager::CheckSessionAndLock
2022-08-22 19:07:30, Info                  DISM   DISM Manager: PID=19540 TID=19544 Create session event 0x26c for current DISM session and event name is Global\{B1DBB963-AC50-4038-B64E-37764A6009DB}  - CDISMManager::CheckSessionAndLock
2022-08-22 19:07:30, Info                  DISM   DISM Manager: PID=19540 TID=19544 Copying DISM from "C:\windows\System32\Dism" - CDISMManager::CreateImageSessionFromLocation
2022-08-22 19:07:30, Info                  DISM   DISM Manager: PID=19540 TID=19544 Successfully loaded the ImageSession at "C:\windows\TEMP\20B561C3-4840-4ADC-810B-BEF8843978E8" - CDISMManager::LoadRemoteImageSession
2022-08-22 19:07:30, Info                  DISM   DISM Image Session: PID=19572 TID=19600 Instantiating the Provider Store. - CDISMImageSession::get_ProviderStore
2022-08-22 19:07:30, Info                  DISM   DISM Provider Store: PID=19572 TID=19600 Initializing a provider store for the IMAGE session type. - CDISMProviderStore::Final_OnConnect
2022-08-22 19:07:30, Info                  DISM   DISM Provider Store: PID=19572 TID=19600 Connecting to the provider located at C:\windows\TEMP\20B561C3-4840-4ADC-810B-BEF8843978E8\OSProvider.dll. - CDISMProviderStore::Internal_LoadProvider
2022-08-22 19:07:30, Info                  DISM   DISM OS Provider: PID=19572 TID=19600 Defaulting SystemPath to C:\ - CDISMOSServiceManager::Final_OnConnect
2022-08-22 19:07:30, Info                  DISM   DISM OS Provider: PID=19572 TID=19600 Defaulting Windows folder to C:\Windows - CDISMOSServiceManager::Final_OnConnect
2022-08-22 19:07:30, Info                  DISM   DISM Provider Store: PID=19572 TID=19600 Attempting to initialize the logger from the Image Session. - CDISMProviderStore::Final_OnConnect
2022-08-22 19:07:30, Info                  DISM   DISM Provider Store: PID=19572 TID=19600 Connecting to the provider located at C:\windows\TEMP\20B561C3-4840-4ADC-810B-BEF8843978E8\LogProvider.dll. - CDISMProviderStore::Internal_LoadProvider
2022-08-22 19:07:30, Info                  DISM   Initialized Panther logging at \dism.log
2022-08-22 19:07:30, Info                  DISM   DISM Provider Store: PID=19572 TID=19600 Found and Initialized the DISM Logger. - CDISMProviderStore::Internal_InitializeLogger
2022-08-22 19:07:30, Warning               DISM   DISM Provider Store: PID=19572 TID=19600 Failed to load the provider: C:\windows\TEMP\20B561C3-4840-4ADC-810B-BEF8843978E8\PEProvider.dll. - CDISMProviderStore::Internal_GetProvider(hr:0x8007007e)
2022-08-22 19:07:30, Info                  DISM   DISM Provider Store: PID=19572 TID=19600 Failed to get and initialize the PE Provider.  Continuing by assuming that it is not a WinPE image. - CDISMProviderStore::Final_OnConnect
2022-08-22 19:07:30, Info                  DISM   DISM Provider Store: PID=19572 TID=19600 Finished initializing the Provider Map. - CDISMProviderStore::Final_OnConnect
2022-08-22 19:07:30, Info                  DISM   Initialized Panther logging at \dism.log
2022-08-22 19:07:30, Info                  DISM   Initialized Panther logging at \dism.log
2022-08-22 19:07:30, Info                  DISM   DISM Manager: PID=19540 TID=19544 Image session successfully loaded from the temporary location: C:\windows\TEMP\20B561C3-4840-4ADC-810B-BEF8843978E8 - CDISMManager::CreateImageSession
2022-08-22 19:07:30, Info                  DISM   DISM.EXE: Target image information: OS Version=10.0.19042.1706, Image architecture=amd64
2022-08-22 19:07:30, Info                  DISM   DISM.EXE: Image session version: 10.0.19041.746
2022-08-22 19:07:30, Info                  DISM   DISM Provider Store: PID=19572 TID=19600 Getting the collection of providers from an image provider store type. - CDISMProviderStore::GetProviderCollection
2022-08-22 19:07:30, Info                  DISM   DISM Provider Store: PID=19572 TID=19600 Connecting to the provider located at C:\windows\TEMP\20B561C3-4840-4ADC-810B-BEF8843978E8\CbsProvider.dll. - CDISMProviderStore::Internal_LoadProvider
2022-08-22 19:07:30, Info                  DISM   DISM Provider Store: PID=19572 TID=19600 Encountered a servicing provider, performing additional servicing initializations. - CDISMProviderStore::Internal_LoadProvider
2022-08-22 19:07:30, Info                  CSI    00000001 Shim considered [l:126]'\??\C:\windows\Servicing\amd64_microsoft-windows-servicingstack_31bf3856ad364e35_10.0.19041.1852_none_7de3b01c7cacf858\wcp.dll' : got STATUS_OBJECT_PATH_NOT_FOUND
2022-08-22 19:07:30, Info                  CSI    00000002 Shim considered [l:123]'\??\C:\windows\WinSxS\amd64_microsoft-windows-servicingstack_31bf3856ad364e35_10.0.19041.1852_none_7de3b01c7cacf858\wcp.dll' : got STATUS_SUCCESS
2022-08-22 19:07:31, Info                  DISM   DISM OS Provider: PID=19572 TID=19600 Determined System directory to be C:\Windows\System32 - CDISMOSServiceManager::get_SystemDirectory
2022-08-22 19:07:31, Info                  DISM   DISM Package Manager: PID=19572 TID=19600 Finished initializing the CbsConUI Handler. - CCbsConUIHandler::Initialize
2022-08-22 19:07:31, Info                  CSI    00000001 Shim considered [l:126]'\??\C:\windows\Servicing\amd64_microsoft-windows-servicingstack_31bf3856ad364e35_10.0.19041.1852_none_7de3b01c7cacf858\wcp.dll' : got STATUS_OBJECT_PATH_NOT_FOUND
2022-08-22 19:07:31, Info                  CSI    00000002 Shim considered [l:123]'\??\C:\windows\WinSxS\amd64_microsoft-windows-servicingstack_31bf3856ad364e35_10.0.19041.1852_none_7de3b01c7cacf858\wcp.dll' : got STATUS_SUCCESS
2022-08-22 19:07:31, Info                  DISM   DISM Package Manager: PID=19572 TID=19600 CBS is being initialized for online use. More information about CBS actions can be located at: %windir%\logs\cbs\cbs.log - CDISMPackageManager::Initialize
2022-08-22 19:07:31, Info                  DISM   DISM Package Manager: PID=19572 TID=19600 Loaded servicing stack for online use only. - CDISMPackageManager::CreateCbsSession
2022-08-22 19:07:31, Info                  DISM   DISM Provider Store: PID=19572 TID=19600 Connecting to the provider located at C:\windows\TEMP\20B561C3-4840-4ADC-810B-BEF8843978E8\MsiProvider.dll. - CDISMProviderStore::Internal_LoadProvider
2022-08-22 19:07:31, Info                  DISM   DISM Provider Store: PID=19572 TID=19600 Encountered a servicing provider, performing additional servicing initializations. - CDISMProviderStore::Internal_LoadProvider
2022-08-22 19:07:31, Info                  DISM   DISM Provider Store: PID=19572 TID=19600 Connecting to the provider located at C:\windows\TEMP\20B561C3-4840-4ADC-810B-BEF8843978E8\IntlProvider.dll. - CDISMProviderStore::Internal_LoadProvider
2022-08-22 19:07:31, Info                  DISM   DISM Provider Store: PID=19572 TID=19600 Encountered a servicing provider, performing additional servicing initializations. - CDISMProviderStore::Internal_LoadProvider
2022-08-22 19:07:31, Info                  DISM   DISM Provider Store: PID=19572 TID=19600 Connecting to the provider located at C:\windows\TEMP\20B561C3-4840-4ADC-810B-BEF8843978E8\IBSProvider.dll. - CDISMProviderStore::Internal_LoadProvider
2022-08-22 19:07:31, Info                  DISM   DISM Provider Store: PID=19572 TID=19600 Encountered a servicing provider, performing additional servicing initializations. - CDISMProviderStore::Internal_LoadProvider
2022-08-22 19:07:31, Info                  DISM   DISM Provider Store: PID=19572 TID=19600 Connecting to the provider located at C:\windows\TEMP\20B561C3-4840-4ADC-810B-BEF8843978E8\DmiProvider.dll. - CDISMProviderStore::Internal_LoadProvider
2022-08-22 19:07:31, Info                  DISM   DISM Provider Store: PID=19572 TID=19600 Encountered a servicing provider, performing additional servicing initializations. - CDISMProviderStore::Internal_LoadProvider
2022-08-22 19:07:31, Info                  CSI    00000001 Shim considered [l:126]'\??\C:\windows\Servicing\amd64_microsoft-windows-servicingstack_31bf3856ad364e35_10.0.19041.1852_none_7de3b01c7cacf858\wcp.dll' : got STATUS_OBJECT_PATH_NOT_FOUND
2022-08-22 19:07:31, Info                  CSI    00000002 Shim considered [l:123]'\??\C:\windows\WinSxS\amd64_microsoft-windows-servicingstack_31bf3856ad364e35_10.0.19041.1852_none_7de3b01c7cacf858\wcp.dll' : got STATUS_SUCCESS
2022-08-22 19:07:31, Info                  DISM   DISM Driver Manager: PID=19572 TID=19600 Further logs for driver related operations can be found in the target operating system at %WINDIR%\inf\setupapi.offline.log - CDriverManager::Initialize
2022-08-22 19:07:31, Info                  DISM   DISM Provider Store: PID=19572 TID=19600 Connecting to the provider located at C:\windows\TEMP\20B561C3-4840-4ADC-810B-BEF8843978E8\UnattendProvider.dll. - CDISMProviderStore::Internal_LoadProvider
2022-08-22 19:07:31, Info                  DISM   DISM Provider Store: PID=19572 TID=19600 Encountered a servicing provider, performing additional servicing initializations. - CDISMProviderStore::Internal_LoadProvider
2022-08-22 19:07:31, Info                  DISM   DISM Provider Store: PID=19572 TID=19600 Connecting to the provider located at C:\windows\TEMP\20B561C3-4840-4ADC-810B-BEF8843978E8\SmiProvider.dll. - CDISMProviderStore::Internal_LoadProvider
2022-08-22 19:07:31, Info                  DISM   DISM Provider Store: PID=19572 TID=19600 Encountered a servicing provider, performing additional servicing initializations. - CDISMProviderStore::Internal_LoadProvider
2022-08-22 19:07:31, Warning               DISM   DISM Provider Store: PID=19572 TID=19600 Failed to load the provider: C:\windows\TEMP\20B561C3-4840-4ADC-810B-BEF8843978E8\EmbeddedProvider.dll. - CDISMProviderStore::Internal_GetProvider(hr:0x8007007e)
2022-08-22 19:07:31, Info                  DISM   DISM Provider Store: PID=19572 TID=19600 Connecting to the provider located at C:\windows\TEMP\20B561C3-4840-4ADC-810B-BEF8843978E8\AppxProvider.dll. - CDISMProviderStore::Internal_LoadProvider
2022-08-22 19:07:31, Info                  DISM   DISM Provider Store: PID=19572 TID=19600 Encountered a servicing provider, performing additional servicing initializations. - CDISMProviderStore::Internal_LoadProvider
2022-08-22 19:07:31, Info                  DISM   DISM Provider Store: PID=19572 TID=19600 Connecting to the provider located at C:\windows\TEMP\20B561C3-4840-4ADC-810B-BEF8843978E8\ProvProvider.dll. - CDISMProviderStore::Internal_LoadProvider
2022-08-22 19:07:31, Info                  DISM   DISM Provider Store: PID=19572 TID=19600 Encountered a servicing provider, performing additional servicing initializations. - CDISMProviderStore::Internal_LoadProvider
2022-08-22 19:07:31, Info                  DISM   DISM Provider Store: PID=19572 TID=19600 Connecting to the provider located at C:\windows\TEMP\20B561C3-4840-4ADC-810B-BEF8843978E8\AssocProvider.dll. - CDISMProviderStore::Internal_LoadProvider
2022-08-22 19:07:31, Info                  DISM   DISM Provider Store: PID=19572 TID=19600 Encountered a servicing provider, performing additional servicing initializations. - CDISMProviderStore::Internal_LoadProvider
2022-08-22 19:07:31, Info                  DISM   DISM Provider Store: PID=19572 TID=19600 Connecting to the provider located at C:\windows\TEMP\20B561C3-4840-4ADC-810B-BEF8843978E8\GenericProvider.dll. - CDISMProviderStore::Internal_LoadProvider
2022-08-22 19:07:31, Info                  DISM   DISM Provider Store: PID=19572 TID=19600 Encountered a servicing provider, performing additional servicing initializations. - CDISMProviderStore::Internal_LoadProvider
2022-08-22 19:07:31, Info                  DISM   DISM Provider Store: PID=19572 TID=19600 Connecting to the provider located at C:\windows\TEMP\20B561C3-4840-4ADC-810B-BEF8843978E8\OfflineSetupProvider.dll. - CDISMProviderStore::Internal_LoadProvider
2022-08-22 19:07:31, Info                  DISM   DISM Provider Store: PID=19572 TID=19600 Encountered a servicing provider, performing additional servicing initializations. - CDISMProviderStore::Internal_LoadProvider
2022-08-22 19:07:31, Info                  DISM   DISM Provider Store: PID=19572 TID=19600 Connecting to the provider located at C:\windows\TEMP\20B561C3-4840-4ADC-810B-BEF8843978E8\SysprepProvider.dll. - CDISMProviderStore::Internal_LoadProvider
2022-08-22 19:07:31, Info                  DISM   DISM Provider Store: PID=19572 TID=19600 Encountered a servicing provider, performing additional servicing initializations. - CDISMProviderStore::Internal_LoadProvider
2022-08-22 19:07:31, Info                  DISM   DISM Provider Store: PID=19572 TID=19600 Connecting to the provider located at C:\windows\TEMP\20B561C3-4840-4ADC-810B-BEF8843978E8\TransmogProvider.dll. - CDISMProviderStore::Internal_LoadProvider
2022-08-22 19:07:31, Info                  DISM   DISM Provider Store: PID=19572 TID=19600 Encountered a servicing provider, performing additional servicing initializations. - CDISMProviderStore::Internal_LoadProvider
2022-08-22 19:07:31, Info                  DISM   DISM Transmog Provider: PID=19572 TID=19600 Current image session is [ONLINE] - CTransmogManager::GetMode
2022-08-22 19:07:31, Info                  DISM   DISM Transmog Provider: PID=19572 TID=19600 Audit Mode: [No] - CTransmogManager::Initialize
2022-08-22 19:07:31, Info                  DISM   DISM Transmog Provider: PID=19572 TID=19600 GetProductType: ProductType = [WinNT] - CTransmogManager::GetProductType
2022-08-22 19:07:31, Info                  DISM   DISM Transmog Provider: PID=19572 TID=19600 Product Type: [WinNT] - CTransmogManager::Initialize
2022-08-22 19:07:31, Info                  DISM   DISM Transmog Provider: PID=19572 TID=19600 Product Type ServerNT : [No] - CTransmogManager::Initialize
2022-08-22 19:07:31, Info                  DISM   DISM Provider Store: PID=19572 TID=19600 Connecting to the provider located at C:\windows\TEMP\20B561C3-4840-4ADC-810B-BEF8843978E8\SetupPlatformProvider.dll. - CDISMProviderStore::Internal_LoadProvider
2022-08-22 19:07:31, Info                  DISM   DISM Provider Store: PID=19572 TID=19600 Encountered a servicing provider, performing additional servicing initializations. - CDISMProviderStore::Internal_LoadProvider
2022-08-22 19:07:31, Info                  DISM   DISM.EXE: Got the collection of providers. Now enumerating them to build the command table.
2022-08-22 19:07:31, Info                  DISM   DISM.EXE: Attempting to add the commands from provider: DISM Log Provider
2022-08-22 19:07:31, Info                  DISM   DISM.EXE: Attempting to add the commands from provider: OSServices
2022-08-22 19:07:31, Info                  DISM   DISM.EXE: Attempting to add the commands from provider: DISM Package Manager
2022-08-22 19:07:31, Info                  DISM   DISM.EXE: Succesfully registered commands for the provider: DISM Package Manager.
2022-08-22 19:07:31, Info                  DISM   DISM.EXE: Attempting to add the commands from provider: MsiManager
2022-08-22 19:07:31, Info                  DISM   DISM.EXE: Succesfully registered commands for the provider: MsiManager.
2022-08-22 19:07:31, Info                  DISM   DISM.EXE: Attempting to add the commands from provider: IntlManager
2022-08-22 19:07:31, Info                  DISM   DISM.EXE: Succesfully registered commands for the provider: IntlManager.
2022-08-22 19:07:31, Info                  DISM   DISM.EXE: Attempting to add the commands from provider: IBSManager
2022-08-22 19:07:31, Info                  DISM   DISM.EXE: Attempting to add the commands from provider: DriverManager
2022-08-22 19:07:31, Info                  DISM   DISM.EXE: Succesfully registered commands for the provider: DriverManager.
2022-08-22 19:07:31, Info                  DISM   DISM.EXE: Attempting to add the commands from provider: DISM Unattend Manager
2022-08-22 19:07:31, Info                  DISM   DISM.EXE: Succesfully registered commands for the provider: DISM Unattend Manager.
2022-08-22 19:07:31, Info                  DISM   DISM.EXE: Attempting to add the commands from provider: SmiManager
2022-08-22 19:07:31, Info                  DISM   DISM.EXE: Attempting to add the commands from provider: AppxManager
2022-08-22 19:07:31, Info                  DISM   DISM.EXE: Succesfully registered commands for the provider: AppxManager.
2022-08-22 19:07:31, Info                  DISM   DISM.EXE: Attempting to add the commands from provider: ProvManager
2022-08-22 19:07:31, Info                  DISM   DISM.EXE: Succesfully registered commands for the provider: ProvManager.
2022-08-22 19:07:31, Info                  DISM   DISM.EXE: Attempting to add the commands from provider: AssocManager
2022-08-22 19:07:31, Info                  DISM   DISM.EXE: Succesfully registered commands for the provider: AssocManager.
2022-08-22 19:07:31, Info                  DISM   DISM.EXE: Attempting to add the commands from provider: GenericManager
2022-08-22 19:07:31, Info                  DISM   DISM.EXE: Succesfully registered commands for the provider: GenericManager.
2022-08-22 19:07:31, Info                  DISM   DISM.EXE: Attempting to add the commands from provider: OfflineSetupManager
2022-08-22 19:07:31, Info                  DISM   DISM.EXE: Succesfully registered commands for the provider: OfflineSetupManager.
2022-08-22 19:07:31, Info                  DISM   DISM.EXE: Attempting to add the commands from provider: SysprepManager
2022-08-22 19:07:31, Info                  DISM   DISM.EXE: Succesfully registered commands for the provider: SysprepManager.
2022-08-22 19:07:31, Info                  DISM   DISM.EXE: Attempting to add the commands from provider: Edition Manager
2022-08-22 19:07:31, Info                  DISM   DISM.EXE: Succesfully registered commands for the provider: Edition Manager.
2022-08-22 19:07:31, Info                  DISM   DISM.EXE: Attempting to add the commands from provider: SetupPlatformManager
2022-08-22 19:07:31, Info                  DISM   DISM.EXE: Succesfully registered commands for the provider: SetupPlatformManager.
2022-08-22 19:07:31, Info                  DISM   DISM Appx Provider: PID=19572 TID=19600 Converting IDismStringCollectionVector. - CAppxManager::ConvertIDismStringCollectionToVector
2022-08-22 19:07:31, Info                  DISM   DISM Appx Provider: PID=19572 TID=19600 Converting IDismStringCollectionVector. - CAppxManager::ConvertIDismStringCollectionToVector
2022-08-22 19:07:31, Info                  DISM   DISM Appx Provider: PID=19572 TID=19600 Converting IDismStringCollectionVector. - CAppxManager::ConvertIDismStringCollectionToVector
2022-08-22 19:07:31, Info                  DISM   DISM Appx Provider: PID=19572 TID=19600 onecore\admin\appmodel\utilities\provisionhelper\msixpackageadapter.cpp (1704) - MsixPackage::Provisioning::Library::MsixPackageAdapter::RemovePackageLicense [Msg] - Choosing not to remove license for package 'AD2F1837.HPAudioCenter_v10z8vjag6ke6' because it is installed/staged by other users - CAppxManager::InformationLoggingCallback
2022-08-22 19:07:31, Info                  DISM   DISM Appx Provider: PID=19572 TID=19600 onecore\admin\appmodel\utilities\provisionhelper\packagemonikertopayload.cpp (91) - MsixPackage::Provisioning::Library::PackageMonikerToPayload::CreateForPackageReader [Msg] - Code integrity footprint file not found for package AD2F1837.HPAudioCenter_1.35.264.0_neutral_split.scale-100_v10z8vjag6ke6 (hr:0x80070002) - CAppxManager::InformationLoggingCallback
2022-08-22 19:07:32, Info                  DISM   DISM Appx Provider: PID=19572 TID=19600 onecore\admin\appmodel\utilities\provisionhelper\packagemonikertopayload.cpp (91) - MsixPackage::Provisioning::Library::PackageMonikerToPayload::CreateForPackageReader [Msg] - Code integrity footprint file not found for package AD2F1837.HPAudioCenter_1.35.264.0_neutral_split.scale-125_v10z8vjag6ke6 (hr:0x80070002) - CAppxManager::InformationLoggingCallback
2022-08-22 19:07:32, Info                  DISM   DISM Appx Provider: PID=19572 TID=19600 onecore\admin\appmodel\utilities\provisionhelper\packagesource.cpp (607) - MsixPackage::Provisioning::Library::PackageSource::IsPackageApplicable [Msg] - Package 'AD2F1837.HPAudioCenter_1.35.264.0_neutral_split.scale-150_v10z8vjag6ke6' excluded as not applicable. - CAppxManager::InformationLoggingCallback
2022-08-22 19:07:32, Info                  DISM   DISM Appx Provider: PID=19572 TID=19600 onecore\admin\appmodel\utilities\provisionhelper\packagesource.cpp (607) - MsixPackage::Provisioning::Library::PackageSource::IsPackageApplicable [Msg] - Package 'AD2F1837.HPAudioCenter_1.35.264.0_neutral_split.scale-400_v10z8vjag6ke6' excluded as not applicable. - CAppxManager::InformationLoggingCallback
2022-08-22 19:07:32, Info                  DISM   DISM Appx Provider: PID=19572 TID=19600 onecore\admin\appmodel\utilities\provisionhelper\msixpackageadapter.cpp (1518) - MsixPackage::Provisioning::Library::MsixPackageAdapter::IsPackageFramework [Msg] - No package reader found for AD2F1837.HPAudioCenter_1.35.264.0_neutral_~_v10z8vjag6ke6, expected for bundles. - CAppxManager::InformationLoggingCallback
2022-08-22 19:07:32, Info                  DISM   DISM Appx Provider: PID=19572 TID=19600 onecore\admin\appmodel\utilities\provisionhelper\msixprovisioningrequest.cpp (1053) - MsixPackage::Provisioning::Library::MsixProvisioningRequest::AddDependencyAppxPackage [Msg] - Package moniker 'Microsoft.VCLibs.140.00_14.0.30704.0_x64__8wekyb3d8bbwe' excluded as it is not applicable because an existing version was found - CAppxManager::InformationLoggingCallback
2022-08-22 19:07:32, Info                  DISM   DISM Appx Provider: PID=19572 TID=19600 onecore\admin\appmodel\utilities\provisionhelper\msixprovisioningrequest.cpp (1053) - MsixPackage::Provisioning::Library::MsixProvisioningRequest::AddDependencyAppxPackage [Msg] - Package moniker 'Microsoft.VCLibs.140.00_14.0.30704.0_x86__8wekyb3d8bbwe' excluded as it is not applicable because an existing version was found - CAppxManager::InformationLoggingCallback
2022-08-22 19:07:37, Info                  DISM   DISM Appx Provider: PID=19572 TID=19600 onecore\admin\appmodel\utilities\provisionhelper\msixpackageadapter.cpp (1117) - MsixPackage::Provisioning::Library::MsixPackageAdapter::IsDependencyTargetPackage [Msg] - No package reader found for AD2F1837.HPAudioCenter_1.35.264.0_neutral_~_v10z8vjag6ke6, expected for bundles. - CAppxManager::InformationLoggingCallback
2022-08-22 19:07:37, Info                  DISM   DISM Appx Provider: PID=19572 TID=19600 onecore\admin\appmodel\utilities\provisionhelper\msixpackageadapter.cpp (1518) - MsixPackage::Provisioning::Library::MsixPackageAdapter::IsPackageFramework [Msg] - No package reader found for AD2F1837.HPAudioCenter_1.35.264.0_neutral_~_v10z8vjag6ke6, expected for bundles. - CAppxManager::InformationLoggingCallback
2022-08-22 19:07:37, Info                  DISM   DISM Appx Provider: PID=19572 TID=19600 onecore\admin\appmodel\utilities\provisionhelper\msixpackageadapter.cpp (1117) - MsixPackage::Provisioning::Library::MsixPackageAdapter::IsDependencyTargetPackage [Msg] - No package reader found for AD2F1837.HPAudioCenter_1.35.264.0_neutral_~_v10z8vjag6ke6, expected for bundles. - CAppxManager::InformationLoggingCallback
2022-08-22 19:07:37, Info                  DISM   DISM Appx Provider: PID=19572 TID=19600 onecore\admin\appmodel\utilities\provisionhelper\msixpackageadapter.cpp (1518) - MsixPackage::Provisioning::Library::MsixPackageAdapter::IsPackageFramework [Msg] - No package reader found for AD2F1837.HPAudioCenter_1.35.264.0_neutral_~_v10z8vjag6ke6, expected for bundles. - CAppxManager::InformationLoggingCallback
2022-08-22 19:07:37, Info                  DISM   DISM Provider Store: PID=19572 TID=19600 Found the OSServices.  Waiting to finalize it until all other providers are unloaded. - CDISMProviderStore::Final_OnDisconnect
2022-08-22 19:07:37, Info                  DISM   DISM Provider Store: PID=19572 TID=19600 Found the OSServices.  Waiting to finalize it until all other providers are unloaded. - CDISMProviderStore::Final_OnDisconnect
2022-08-22 19:07:37, Info                  DISM   DISM Provider Store: PID=19572 TID=19600 Found the PE Provider.  Waiting to finalize it until all other providers are unloaded. - CDISMProviderStore::Final_OnDisconnect
2022-08-22 19:07:37, Info                  DISM   DISM Provider Store: PID=19572 TID=19600 Finalizing the servicing provider(DISM Package Manager) - CDISMProviderStore::Internal_DisconnectProvider
2022-08-22 19:07:37, Info                  DISM   DISM Package Manager: PID=19572 TID=19600 Finalizing CBS core. - CDISMPackageManager::Finalize
2022-08-22 19:07:37, Info                  DISM   DISM Provider Store: PID=19572 TID=19600 Disconnecting Provider: DISM Package Manager - CDISMProviderStore::Internal_DisconnectProvider
2022-08-22 19:07:37, Info                  DISM   DISM Provider Store: PID=19572 TID=19600 Finalizing the servicing provider(MsiManager) - CDISMProviderStore::Internal_DisconnectProvider
2022-08-22 19:07:37, Info                  DISM   DISM Provider Store: PID=19572 TID=19600 Disconnecting Provider: MsiManager - CDISMProviderStore::Internal_DisconnectProvider
2022-08-22 19:07:37, Info                  DISM   DISM Provider Store: PID=19572 TID=19600 Finalizing the servicing provider(IntlManager) - CDISMProviderStore::Internal_DisconnectProvider
2022-08-22 19:07:37, Info                  DISM   DISM Provider Store: PID=19572 TID=19600 Disconnecting Provider: IntlManager - CDISMProviderStore::Internal_DisconnectProvider
2022-08-22 19:07:37, Info                  DISM   DISM Provider Store: PID=19572 TID=19600 Finalizing the servicing provider(IBSManager) - CDISMProviderStore::Internal_DisconnectProvider
2022-08-22 19:07:37, Info                  DISM   DISM Provider Store: PID=19572 TID=19600 Disconnecting Provider: IBSManager - CDISMProviderStore::Internal_DisconnectProvider
2022-08-22 19:07:37, Info                  DISM   DISM Provider Store: PID=19572 TID=19600 Finalizing the servicing provider(DriverManager) - CDISMProviderStore::Internal_DisconnectProvider
2022-08-22 19:07:37, Info                  DISM   DISM Provider Store: PID=19572 TID=19600 Disconnecting Provider: DriverManager - CDISMProviderStore::Internal_DisconnectProvider
2022-08-22 19:07:37, Info                  DISM   DISM Provider Store: PID=19572 TID=19600 Finalizing the servicing provider(DISM Unattend Manager) - CDISMProviderStore::Internal_DisconnectProvider
2022-08-22 19:07:37, Info                  DISM   DISM Provider Store: PID=19572 TID=19600 Disconnecting Provider: DISM Unattend Manager - CDISMProviderStore::Internal_DisconnectProvider
2022-08-22 19:07:37, Info                  DISM   DISM Provider Store: PID=19572 TID=19600 Finalizing the servicing provider(SmiManager) - CDISMProviderStore::Internal_DisconnectProvider
2022-08-22 19:07:37, Info                  DISM   DISM Provider Store: PID=19572 TID=19600 Disconnecting Provider: SmiManager - CDISMProviderStore::Internal_DisconnectProvider
2022-08-22 19:07:37, Info                  DISM   DISM Provider Store: PID=19572 TID=19600 Finalizing the servicing provider(AppxManager) - CDISMProviderStore::Internal_DisconnectProvider
2022-08-22 19:07:37, Info                  DISM   DISM Provider Store: PID=19572 TID=19600 Disconnecting Provider: AppxManager - CDISMProviderStore::Internal_DisconnectProvider
2022-08-22 19:07:37, Info                  DISM   DISM Provider Store: PID=19572 TID=19600 Finalizing the servicing provider(ProvManager) - CDISMProviderStore::Internal_DisconnectProvider
2022-08-22 19:07:37, Info                  DISM   DISM Provider Store: PID=19572 TID=19600 Disconnecting Provider: ProvManager - CDISMProviderStore::Internal_DisconnectProvider
2022-08-22 19:07:37, Info                  DISM   DISM Provider Store: PID=19572 TID=19600 Finalizing the servicing provider(AssocManager) - CDISMProviderStore::Internal_DisconnectProvider
2022-08-22 19:07:37, Info                  DISM   DISM Provider Store: PID=19572 TID=19600 Disconnecting Provider: AssocManager - CDISMProviderStore::Internal_DisconnectProvider
2022-08-22 19:07:37, Info                  DISM   DISM Provider Store: PID=19572 TID=19600 Finalizing the servicing provider(GenericManager) - CDISMProviderStore::Internal_DisconnectProvider
2022-08-22 19:07:37, Info                  DISM   DISM Provider Store: PID=19572 TID=19600 Disconnecting Provider: GenericManager - CDISMProviderStore::Internal_DisconnectProvider
2022-08-22 19:07:37, Info                  DISM   DISM Provider Store: PID=19572 TID=19600 Finalizing the servicing provider(OfflineSetupManager) - CDISMProviderStore::Internal_DisconnectProvider
2022-08-22 19:07:37, Info                  DISM   DISM Provider Store: PID=19572 TID=19600 Disconnecting Provider: OfflineSetupManager - CDISMProviderStore::Internal_DisconnectProvider
2022-08-22 19:07:37, Info                  DISM   DISM Provider Store: PID=19572 TID=19600 Finalizing the servicing provider(SysprepManager) - CDISMProviderStore::Internal_DisconnectProvider
2022-08-22 19:07:37, Info                  DISM   DISM Provider Store: PID=19572 TID=19600 Disconnecting Provider: SysprepManager - CDISMProviderStore::Internal_DisconnectProvider
2022-08-22 19:07:37, Info                  DISM   DISM Provider Store: PID=19572 TID=19600 Finalizing the servicing provider(Edition Manager) - CDISMProviderStore::Internal_DisconnectProvider
2022-08-22 19:07:37, Info                  DISM   DISM Provider Store: PID=19572 TID=19600 Disconnecting Provider: Edition Manager - CDISMProviderStore::Internal_DisconnectProvider
2022-08-22 19:07:37, Info                  DISM   DISM Provider Store: PID=19572 TID=19600 Finalizing the servicing provider(SetupPlatformManager) - CDISMProviderStore::Internal_DisconnectProvider
2022-08-22 19:07:37, Info                  DISM   DISM Provider Store: PID=19572 TID=19600 Disconnecting Provider: SetupPlatformManager - CDISMProviderStore::Internal_DisconnectProvider
2022-08-22 19:07:37, Info                  DISM   DISM Provider Store: PID=19572 TID=19600 Releasing the local reference to OSServices. - CDISMProviderStore::Internal_DisconnectProvider
2022-08-22 19:07:37, Info                  DISM   DISM Provider Store: PID=19572 TID=19600 Disconnecting Provider: OSServices - CDISMProviderStore::Internal_DisconnectProvider
2022-08-22 19:07:37, Info                  DISM   DISM Provider Store: PID=19572 TID=19600 Releasing the local reference to DISMLogger.  Stop logging. - CDISMProviderStore::Internal_DisconnectProvider
2022-08-22 19:07:37, Info                  DISM   DISM Manager: PID=19540 TID=19544 Closing session event handle 0x26c - CDISMManager::CleanupImageSessionEntry
2022-08-22 19:07:37, Info                  DISM   DISM.EXE: Image session has been closed. Reboot required=no.
2022-08-22 19:07:37, Info                  DISM   DISM.EXE: 
2022-08-22 19:07:37, Info                  DISM   DISM.EXE: <----- Ending Dism.exe session ----->
2022-08-22 19:07:37, Info                  DISM   DISM.EXE: 
2022-08-22 19:07:37, Info                  DISM   DISM Provider Store: PID=19540 TID=19544 Found the OSServices.  Waiting to finalize it until all other providers are unloaded. - CDISMProviderStore::Final_OnDisconnect
2022-08-22 19:07:37, Info                  DISM   DISM Provider Store: PID=19540 TID=19544 Disconnecting Provider: FolderManager - CDISMProviderStore::Internal_DisconnectProvider
2022-08-22 19:07:37, Info                  DISM   DISM Provider Store: PID=19540 TID=19544 Releasing the local reference to DISMLogger.  Stop logging. - CDISMProviderStore::Internal_DisconnectProvider
